[2022-04-24T16:03:43.936] [INFO] access - path:/api | method:GET | ua:Mozilla/5.0 (Macintosh; Intel Mac OS X 10_15_7) AppleWebKit/537.36 (KHTML, like Gecko) Chrome/100.0.4896.75 Safari/537.36
[2022-04-24T16:03:43.992] [INFO] access - path:/favicon.ico | method:GET | ua:Mozilla/5.0 (Macintosh; Intel Mac OS X 10_15_7) AppleWebKit/537.36 (KHTML, like Gecko) Chrome/100.0.4896.75 Safari/537.36
[2022-04-25T15:32:54.601] [INFO] access - path:/api | method:GET | ua:Mozilla/5.0 (Macintosh; Intel Mac OS X 10_15_7) AppleWebKit/537.36 (KHTML, like Gecko) Chrome/100.0.4896.75 Safari/537.36
[2022-04-25T15:33:01.149] [INFO] access - path:/api | method:GET | ua:Mozilla/5.0 (Macintosh; Intel Mac OS X 10_15_7) AppleWebKit/537.36 (KHTML, like Gecko) Chrome/100.0.4896.75 Safari/537.36
[2022-04-25T15:33:19.094] [INFO] access - path:/api/ | method:GET | ua:Mozilla/5.0 (Macintosh; Intel Mac OS X 10_15_7) AppleWebKit/537.36 (KHTML, like Gecko) Chrome/100.0.4896.75 Safari/537.36
[2022-04-25T15:34:29.158] [INFO] access - path:/api/ | method:GET | ua:Mozilla/5.0 (Macintosh; Intel Mac OS X 10_15_7) AppleWebKit/537.36 (KHTML, like Gecko) Chrome/100.0.4896.75 Safari/537.36
[2022-04-25T15:39:30.220] [INFO] access - path:/api/ | method:GET | ua:Mozilla/5.0 (Macintosh; Intel Mac OS X 10_15_7) AppleWebKit/537.36 (KHTML, like Gecko) Chrome/100.0.4896.75 Safari/537.36
[2022-04-25T15:41:18.956] [INFO] access - path:/api/ | method:GET | ua:Mozilla/5.0 (Macintosh; Intel Mac OS X 10_15_7) AppleWebKit/537.36 (KHTML, like Gecko) Chrome/100.0.4896.75 Safari/537.36
[2022-04-25T15:46:58.608] [INFO] access - path:/api/ | method:GET | ua:Mozilla/5.0 (Macintosh; Intel Mac OS X 10_15_7) AppleWebKit/537.36 (KHTML, like Gecko) Chrome/100.0.4896.75 Safari/537.36
[2022-04-25T15:46:59.158] [INFO] access - path:/api/ | method:GET | ua:Mozilla/5.0 (Macintosh; Intel Mac OS X 10_15_7) AppleWebKit/537.36 (KHTML, like Gecko) Chrome/100.0.4896.75 Safari/537.36
[2022-04-25T15:46:59.334] [INFO] access - path:/api/ | method:GET | ua:Mozilla/5.0 (Macintosh; Intel Mac OS X 10_15_7) AppleWebKit/537.36 (KHTML, like Gecko) Chrome/100.0.4896.75 Safari/537.36
[2022-04-25T15:46:59.501] [INFO] access - path:/api/ | method:GET | ua:Mozilla/5.0 (Macintosh; Intel Mac OS X 10_15_7) AppleWebKit/537.36 (KHTML, like Gecko) Chrome/100.0.4896.75 Safari/537.36
[2022-04-25T15:46:59.670] [INFO] access - path:/api/ | method:GET | ua:Mozilla/5.0 (Macintosh; Intel Mac OS X 10_15_7) AppleWebKit/537.36 (KHTML, like Gecko) Chrome/100.0.4896.75 Safari/537.36
[2022-04-25T15:46:59.852] [INFO] access - path:/api/ | method:GET | ua:Mozilla/5.0 (Macintosh; Intel Mac OS X 10_15_7) AppleWebKit/537.36 (KHTML, like Gecko) Chrome/100.0.4896.75 Safari/537.36
[2022-04-25T15:47:00.622] [INFO] access - path:/api/ | method:GET | ua:Mozilla/5.0 (Macintosh; Intel Mac OS X 10_15_7) AppleWebKit/537.36 (KHTML, like Gecko) Chrome/100.0.4896.75 Safari/537.36
[2022-04-25T15:47:04.256] [INFO] access - path:/api/ | method:GET | ua:Mozilla/5.0 (Macintosh; Intel Mac OS X 10_15_7) AppleWebKit/537.36 (KHTML, like Gecko) Chrome/100.0.4896.75 Safari/537.36
[2022-04-25T15:51:19.530] [INFO] access - path:/api | method:GET | ua:Mozilla/5.0 (Macintosh; Intel Mac OS X 10_15_7) AppleWebKit/537.36 (KHTML, like Gecko) Chrome/100.0.4896.75 Safari/537.36
[2022-04-25T15:51:21.174] [INFO] access - path:/api | method:GET | ua:Mozilla/5.0 (Macintosh; Intel Mac OS X 10_15_7) AppleWebKit/537.36 (KHTML, like Gecko) Chrome/100.0.4896.75 Safari/537.36
[2022-04-25T15:51:38.959] [INFO] access - path:/api | method:GET | ua:Mozilla/5.0 (Macintosh; Intel Mac OS X 10_15_7) AppleWebKit/537.36 (KHTML, like Gecko) Chrome/100.0.4896.75 Safari/537.36
[2022-04-25T15:51:39.513] [INFO] access - path:/api | method:GET | ua:Mozilla/5.0 (Macintosh; Intel Mac OS X 10_15_7) AppleWebKit/537.36 (KHTML, like Gecko) Chrome/100.0.4896.75 Safari/537.36
[2022-04-25T15:57:11.921] [INFO] access - path:/api | method:GET | ua:Mozilla/5.0 (Macintosh; Intel Mac OS X 10_15_7) AppleWebKit/537.36 (KHTML, like Gecko) Chrome/100.0.4896.75 Safari/537.36
[2022-04-25T15:57:12.834] [INFO] access - path:/api | method:GET | ua:Mozilla/5.0 (Macintosh; Intel Mac OS X 10_15_7) AppleWebKit/537.36 (KHTML, like Gecko) Chrome/100.0.4896.75 Safari/537.36
[2022-04-25T16:05:11.058] [INFO] access - path:/api | method:GET | ua:Mozilla/5.0 (Macintosh; Intel Mac OS X 10_15_7) AppleWebKit/537.36 (KHTML, like Gecko) Chrome/100.0.4896.75 Safari/537.36
[2022-04-25T16:11:49.454] [INFO] access - path:/api | method:GET | ua:Mozilla/5.0 (Macintosh; Intel Mac OS X 10_15_7) AppleWebKit/537.36 (KHTML, like Gecko) Chrome/100.0.4896.75 Safari/537.36
[2022-04-25T16:12:48.433] [INFO] access - path:/api | method:GET | ua:Mozilla/5.0 (Macintosh; Intel Mac OS X 10_15_7) AppleWebKit/537.36 (KHTML, like Gecko) Chrome/100.0.4896.75 Safari/537.36
[2022-04-25T16:12:49.280] [INFO] access - path:/api | method:GET | ua:Mozilla/5.0 (Macintosh; Intel Mac OS X 10_15_7) AppleWebKit/537.36 (KHTML, like Gecko) Chrome/100.0.4896.75 Safari/537.36
[2022-04-25T16:14:22.655] [INFO] access - path:/api | method:GET | ua:Mozilla/5.0 (Macintosh; Intel Mac OS X 10_15_7) AppleWebKit/537.36 (KHTML, like Gecko) Chrome/100.0.4896.75 Safari/537.36
[2022-04-25T16:16:19.872] [INFO] access - path:/api | method:GET | ua:Mozilla/5.0 (Macintosh; Intel Mac OS X 10_15_7) AppleWebKit/537.36 (KHTML, like Gecko) Chrome/100.0.4896.75 Safari/537.36
[2022-04-25T16:26:14.344] [INFO] access - path:/api | method:GET | ua:Mozilla/5.0 (Macintosh; Intel Mac OS X 10_15_7) AppleWebKit/537.36 (KHTML, like Gecko) Chrome/100.0.4896.75 Safari/537.36
[2022-04-25T16:27:24.849] [INFO] access - path:/api | method:GET | ua:Mozilla/5.0 (Macintosh; Intel Mac OS X 10_15_7) AppleWebKit/537.36 (KHTML, like Gecko) Chrome/100.0.4896.75 Safari/537.36
[2022-04-25T16:27:25.367] [INFO] access - path:/api | method:GET | ua:Mozilla/5.0 (Macintosh; Intel Mac OS X 10_15_7) AppleWebKit/537.36 (KHTML, like Gecko) Chrome/100.0.4896.75 Safari/537.36
[2022-04-25T16:29:22.687] [INFO] access - path:/api | method:GET | ua:Mozilla/5.0 (Macintosh; Intel Mac OS X 10_15_7) AppleWebKit/537.36 (KHTML, like Gecko) Chrome/100.0.4896.75 Safari/537.36
[2022-04-25T16:31:01.802] [INFO] access - path:/api | method:GET | ua:Mozilla/5.0 (Macintosh; Intel Mac OS X 10_15_7) AppleWebKit/537.36 (KHTML, like Gecko) Chrome/100.0.4896.75 Safari/537.36
[2022-04-25T16:31:46.715] [INFO] access - path:/api | method:GET | ua:Mozilla/5.0 (Macintosh; Intel Mac OS X 10_15_7) AppleWebKit/537.36 (KHTML, like Gecko) Chrome/100.0.4896.75 Safari/537.36
[2022-04-25T16:31:49.517] [INFO] access - path:/api | method:GET | ua:Mozilla/5.0 (Macintosh; Intel Mac OS X 10_15_7) AppleWebKit/537.36 (KHTML, like Gecko) Chrome/100.0.4896.75 Safari/537.36
[2022-04-25T16:33:00.282] [INFO] access - path:/api | method:GET | ua:Mozilla/5.0 (Macintosh; Intel Mac OS X 10_15_7) AppleWebKit/537.36 (KHTML, like Gecko) Chrome/100.0.4896.75 Safari/537.36
[2022-04-25T16:45:51.056] [INFO] access - path:/api | method:GET | ua:Mozilla/5.0 (Macintosh; Intel Mac OS X 10_15_7) AppleWebKit/537.36 (KHTML, like Gecko) Chrome/100.0.4896.75 Safari/537.36
[2022-04-25T16:45:51.842] [INFO] access - path:/api | method:GET | ua:Mozilla/5.0 (Macintosh; Intel Mac OS X 10_15_7) AppleWebKit/537.36 (KHTML, like Gecko) Chrome/100.0.4896.75 Safari/537.36
[2022-04-25T16:45:52.021] [INFO] access - path:/api | method:GET | ua:Mozilla/5.0 (Macintosh; Intel Mac OS X 10_15_7) AppleWebKit/537.36 (KHTML, like Gecko) Chrome/100.0.4896.75 Safari/537.36
[2022-04-25T16:45:52.207] [INFO] access - path:/api | method:GET | ua:Mozilla/5.0 (Macintosh; Intel Mac OS X 10_15_7) AppleWebKit/537.36 (KHTML, like Gecko) Chrome/100.0.4896.75 Safari/537.36
[2022-04-25T16:46:34.112] [INFO] access - path:/api | method:GET | ua:Mozilla/5.0 (Macintosh; Intel Mac OS X 10_15_7) AppleWebKit/537.36 (KHTML, like Gecko) Chrome/100.0.4896.75 Safari/537.36
[2022-04-25T17:07:15.656] [INFO] access - path:/api | method:GET | ua:Mozilla/5.0 (Macintosh; Intel Mac OS X 10_15_7) AppleWebKit/537.36 (KHTML, like Gecko) Chrome/100.0.4896.75 Safari/537.36
[2022-04-26T21:38:38.451] [INFO] access - path:/login | method:GET | ua:Mozilla/5.0 (Macintosh; Intel Mac OS X 10_15_7) AppleWebKit/537.36 (KHTML, like Gecko) Chrome/100.0.4896.75 Safari/537.36
[2022-04-26T21:38:58.742] [INFO] access - path:/api/login | method:GET | ua:Mozilla/5.0 (Macintosh; Intel Mac OS X 10_15_7) AppleWebKit/537.36 (KHTML, like Gecko) Chrome/100.0.4896.75 Safari/537.36
[2022-04-26T21:46:02.764] [INFO] access - path:/api/ | method:GET | ua:Mozilla/5.0 (Macintosh; Intel Mac OS X 10_15_7) AppleWebKit/537.36 (KHTML, like Gecko) Chrome/100.0.4896.75 Safari/537.36
[2022-04-26T21:47:05.561] [INFO] access - path:/api/ | method:GET | ua:PostmanRuntime/7.28.4
[2022-04-26T21:47:57.845] [INFO] access - path:/api/ | method:GET | ua:PostmanRuntime/7.28.4
[2022-04-26T21:48:23.004] [INFO] access - path:/api/login | method:GET | ua:Mozilla/5.0 (Macintosh; Intel Mac OS X 10_15_7) AppleWebKit/537.36 (KHTML, like Gecko) Chrome/100.0.4896.75 Safari/537.36
[2022-04-26T21:48:29.305] [INFO] access - path:/api/login | method:GET | ua:Mozilla/5.0 (Macintosh; Intel Mac OS X 10_15_7) AppleWebKit/537.36 (KHTML, like Gecko) Chrome/100.0.4896.75 Safari/537.36
[2022-04-26T21:49:43.054] [INFO] access - path:/api/ | method:GET | ua:PostmanRuntime/7.28.4
[2022-04-26T21:55:57.929] [INFO] access - path:/api/ | method:GET | ua:Mozilla/5.0 (Macintosh; Intel Mac OS X 10_15_7) AppleWebKit/537.36 (KHTML, like Gecko) Chrome/100.0.4896.75 Safari/537.36
[2022-04-26T21:56:03.527] [INFO] access - path:/api/login | method:GET | ua:Mozilla/5.0 (Macintosh; Intel Mac OS X 10_15_7) AppleWebKit/537.36 (KHTML, like Gecko) Chrome/100.0.4896.75 Safari/537.36
[2022-04-26T22:09:46.056] [INFO] access - path:/api | method:GET | ua:Mozilla/5.0 (Macintosh; Intel Mac OS X 10_15_7) AppleWebKit/537.36 (KHTML, like Gecko) Chrome/100.0.4896.75 Safari/537.36
[2022-04-26T22:10:54.570] [INFO] access - path:/api/login | method:GET | ua:Mozilla/5.0 (Macintosh; Intel Mac OS X 10_15_7) AppleWebKit/537.36 (KHTML, like Gecko) Chrome/100.0.4896.75 Safari/537.36
[2022-04-26T22:11:37.125] [INFO] access - path:/api/login | method:GET | ua:Mozilla/5.0 (Macintosh; Intel Mac OS X 10_15_7) AppleWebKit/537.36 (KHTML, like Gecko) Chrome/100.0.4896.75 Safari/537.36
[2022-04-26T22:12:41.891] [INFO] access - path:/api/login | method:GET | ua:Mozilla/5.0 (Macintosh; Intel Mac OS X 10_15_7) AppleWebKit/537.36 (KHTML, like Gecko) Chrome/100.0.4896.75 Safari/537.36
[2022-04-26T22:12:44.606] [INFO] access - path:/api/login | method:GET | ua:Mozilla/5.0 (Macintosh; Intel Mac OS X 10_15_7) AppleWebKit/537.36 (KHTML, like Gecko) Chrome/100.0.4896.75 Safari/537.36
[2022-04-26T22:13:01.232] [INFO] access - path:/api/login | method:GET | ua:Mozilla/5.0 (Macintosh; Intel Mac OS X 10_15_7) AppleWebKit/537.36 (KHTML, like Gecko) Chrome/100.0.4896.75 Safari/537.36
[2022-04-26T22:13:10.792] [INFO] access - path:/api/login | method:GET | ua:Mozilla/5.0 (Macintosh; Intel Mac OS X 10_15_7) AppleWebKit/537.36 (KHTML, like Gecko) Chrome/100.0.4896.75 Safari/537.36
[2022-04-26T22:13:11.339] [INFO] access - path:/api/login | method:GET | ua:Mozilla/5.0 (Macintosh; Intel Mac OS X 10_15_7) AppleWebKit/537.36 (KHTML, like Gecko) Chrome/100.0.4896.75 Safari/537.36
[2022-04-26T22:13:11.670] [INFO] access - path:/api/login | method:GET | ua:Mozilla/5.0 (Macintosh; Intel Mac OS X 10_15_7) AppleWebKit/537.36 (KHTML, like Gecko) Chrome/100.0.4896.75 Safari/537.36
[2022-04-26T22:14:26.826] [INFO] access - path:/api/login | method:GET | ua:Mozilla/5.0 (Macintosh; Intel Mac OS X 10_15_7) AppleWebKit/537.36 (KHTML, like Gecko) Chrome/100.0.4896.75 Safari/537.36
[2022-04-26T22:14:27.844] [INFO] access - path:/api/login | method:GET | ua:Mozilla/5.0 (Macintosh; Intel Mac OS X 10_15_7) AppleWebKit/537.36 (KHTML, like Gecko) Chrome/100.0.4896.75 Safari/537.36
[2022-04-26T23:15:20.501] [INFO] access - path:/api/login | method:POST | ua:PostmanRuntime/7.28.4
[2022-04-26T23:15:43.662] [INFO] access - path:/api/login | method:POST | ua:PostmanRuntime/7.28.4
[2022-04-26T23:16:28.111] [INFO] access - path:/api/login | method:POST | ua:PostmanRuntime/7.28.4
[2022-04-26T23:17:53.816] [INFO] access - path:/api/login | method:POST | ua:PostmanRuntime/7.28.4
[2022-04-26T23:20:44.814] [INFO] access - path:/api/login | method:POST | ua:PostmanRuntime/7.28.4
[2022-04-26T23:21:43.722] [INFO] access - path:/api/login | method:POST | ua:PostmanRuntime/7.28.4
[2022-04-27T00:07:39.033] [INFO] access - path:/api/login | method:POST | ua:PostmanRuntime/7.28.4
[2022-04-27T00:08:52.237] [INFO] access - path:/api/login | method:POST | ua:PostmanRuntime/7.28.4
[2022-04-27T00:10:09.722] [INFO] access - path:/api/login | method:POST | ua:PostmanRuntime/7.28.4
[2022-04-27T00:10:13.744] [INFO] access - path:/api/login | method:POST | ua:PostmanRuntime/7.28.4
