[2022-04-24T21:16:59.076] [INFO] db - Executing (default): SELECT 1+1 AS result
[2022-04-25T15:31:53.181] [INFO] db - Executing (default): SELECT 1+1 AS result
[2022-04-25T15:32:41.413] [INFO] db - Executing (default): SELECT 1+1 AS result
[2022-04-25T15:32:54.624] [INFO] db - Executing (default): SELECT `id`, `created_at`, `updated_at` FROM `Users` AS `User` LIMIT 1;
[2022-04-25T15:33:01.150] [INFO] db - Executing (default): SELECT `id`, `created_at`, `updated_at` FROM `Users` AS `User` LIMIT 1;
[2022-04-25T15:33:19.110] [INFO] db - Executing (default): SELECT `id`, `created_at`, `updated_at` FROM `Users` AS `User` LIMIT 1;
[2022-04-25T15:34:26.279] [INFO] db - Executing (default): SELECT 1+1 AS result
[2022-04-25T15:34:28.340] [INFO] db - Executing (default): SELECT 1+1 AS result
[2022-04-25T15:34:29.165] [INFO] db - Executing (default): SELECT `id`, `createdAt`, `updatedAt` FROM `Users` AS `User` LIMIT 1;
[2022-04-25T15:39:25.333] [INFO] db - Executing (default): SELECT 1+1 AS result
[2022-04-25T15:39:30.228] [INFO] db - Executing (default): SELECT `id`, `createdAt`, `updatedAt` FROM `Users` AS `User` LIMIT 1;
[2022-04-25T15:41:18.351] [INFO] db - Executing (default): SELECT 1+1 AS result
[2022-04-25T15:41:18.962] [INFO] db - Executing (default): SELECT `id`, `createdAt`, `updatedAt` FROM `Users` AS `User`;
[2022-04-25T15:46:22.520] [INFO] db - Executing (default): SELECT 1+1 AS result
[2022-04-25T15:46:26.788] [INFO] db - Executing (default): SELECT 1+1 AS result
[2022-04-25T15:46:29.180] [INFO] db - Executing (default): SELECT 1+1 AS result
[2022-04-25T15:46:30.548] [INFO] db - Executing (default): SELECT 1+1 AS result
[2022-04-25T15:46:58.633] [INFO] db - Executing (default): SELECT `id`, `created_at`, `updated_at` FROM `Users` AS `User`;
[2022-04-25T15:46:59.160] [INFO] db - Executing (default): SELECT `id`, `created_at`, `updated_at` FROM `Users` AS `User`;
[2022-04-25T15:46:59.335] [INFO] db - Executing (default): SELECT `id`, `created_at`, `updated_at` FROM `Users` AS `User`;
[2022-04-25T15:46:59.502] [INFO] db - Executing (default): SELECT `id`, `created_at`, `updated_at` FROM `Users` AS `User`;
[2022-04-25T15:46:59.671] [INFO] db - Executing (default): SELECT `id`, `created_at`, `updated_at` FROM `Users` AS `User`;
[2022-04-25T15:46:59.852] [INFO] db - Executing (default): SELECT `id`, `created_at`, `updated_at` FROM `Users` AS `User`;
[2022-04-25T15:47:00.623] [INFO] db - Executing (default): SELECT `id`, `created_at`, `updated_at` FROM `Users` AS `User`;
[2022-04-25T15:47:04.257] [INFO] db - Executing (default): SELECT `id`, `created_at`, `updated_at` FROM `Users` AS `User`;
[2022-04-25T15:48:03.695] [INFO] db - Executing (default): SELECT 1+1 AS result
[2022-04-25T15:51:19.559] [INFO] db - Executing (default): SELECT `id`, `created_at`, `updated_at` FROM `Users` AS `User`;
[2022-04-25T15:51:21.175] [INFO] db - Executing (default): SELECT `id`, `created_at`, `updated_at` FROM `Users` AS `User`;
[2022-04-25T15:51:38.065] [INFO] db - Executing (default): SELECT 1+1 AS result
[2022-04-25T15:51:38.966] [INFO] db - Executing (default): SELECT `id`, `created_at`, `updated_at` FROM `Users` AS `User` LIMIT 1;
[2022-04-25T15:51:39.515] [INFO] db - Executing (default): SELECT `id`, `created_at`, `updated_at` FROM `Users` AS `User` LIMIT 1;
[2022-04-25T15:56:52.168] [INFO] db - Executing (default): SELECT 1+1 AS result
[2022-04-25T15:56:58.053] [INFO] db - Executing (default): SELECT 1+1 AS result
[2022-04-25T15:57:11.954] [INFO] db - Executing (default): SELECT `id`, `createdAt`, `updatedAt` FROM `Users` AS `User`;
[2022-04-25T15:57:12.837] [INFO] db - Executing (default): SELECT `id`, `createdAt`, `updatedAt` FROM `Users` AS `User`;
[2022-04-25T15:59:38.106] [INFO] db - Executing (default): SELECT 1+1 AS result
[2022-04-25T16:04:17.259] [INFO] db - Executing (default): SELECT 1+1 AS result
[2022-04-25T16:04:24.624] [INFO] db - Executing (default): SELECT 1+1 AS result
[2022-04-25T16:05:11.078] [INFO] db - Executing (default): SELECT `id`, `createdAt`, `updatedAt` FROM `Users` AS `User`;
[2022-04-25T16:10:44.358] [INFO] db - Executing (default): SELECT 1+1 AS result
[2022-04-25T16:11:02.327] [INFO] db - Executing (default): SELECT 1+1 AS result
[2022-04-25T16:11:48.688] [INFO] db - Executing (default): SELECT 1+1 AS result
[2022-04-25T16:11:49.459] [INFO] db - Executing (default): SELECT `uuid` FROM `Users` AS `User`;
[2022-04-25T16:12:45.188] [INFO] db - Executing (default): SELECT 1+1 AS result
[2022-04-25T16:12:47.764] [INFO] db - Executing (default): SELECT 1+1 AS result
[2022-04-25T16:12:48.444] [INFO] db - Executing (default): SELECT `uuid` FROM `Users` AS `User`;
[2022-04-25T16:12:49.281] [INFO] db - Executing (default): SELECT `uuid` FROM `Users` AS `User`;
[2022-04-25T16:14:08.007] [INFO] db - Executing (default): SELECT 1+1 AS result
[2022-04-25T16:14:22.671] [INFO] db - Executing (default): SELECT `uuid` FROM `User` AS `User`;
[2022-04-25T16:15:42.490] [INFO] db - Executing (default): SELECT 1+1 AS result
[2022-04-25T16:15:51.065] [INFO] db - Executing (default): SELECT 1+1 AS result
[2022-04-25T16:16:17.284] [INFO] db - Executing (default): SELECT 1+1 AS result
[2022-04-25T16:16:19.879] [INFO] db - Executing (default): SELECT `uuid` FROM `User` AS `User`;
[2022-04-25T16:18:04.441] [INFO] db - Executing (default): SELECT 1+1 AS result
[2022-04-25T16:23:18.126] [INFO] db - Executing (default): SELECT 1+1 AS result
[2022-04-25T16:26:10.335] [INFO] db - Executing (default): SELECT 1+1 AS result
[2022-04-25T16:26:14.081] [INFO] db - Executing (default): SELECT 1+1 AS result
[2022-04-25T16:26:14.349] [INFO] db - Executing (default): SELECT `id`, `createdAt`, `updatedAt` FROM `User` AS `User`;
[2022-04-25T16:27:23.656] [INFO] db - Executing (default): SELECT 1+1 AS result
[2022-04-25T16:27:24.855] [INFO] db - Executing (default): SELECT `id` FROM `User` AS `User`;
[2022-04-25T16:27:25.369] [INFO] db - Executing (default): SELECT `id` FROM `User` AS `User`;
[2022-04-25T16:27:29.144] [INFO] db - Executing (default): SELECT 1+1 AS result
[2022-04-25T16:29:22.734] [INFO] db - Executing (default): SELECT `id`, `createdAt`, `updatedAt` FROM `User` AS `User`;
[2022-04-25T16:29:38.305] [INFO] db - Executing (default): SELECT 1+1 AS result
[2022-04-25T16:30:43.613] [INFO] db - Executing (default): SELECT 1+1 AS result
[2022-04-25T16:30:53.257] [INFO] db - Executing (default): SELECT 1+1 AS result
[2022-04-25T16:31:01.805] [INFO] db - Executing (default): Select * from User
[2022-04-25T16:31:18.310] [INFO] db - Executing (default): SELECT 1+1 AS result
[2022-04-25T16:31:20.919] [INFO] db - Executing (default): SELECT 1+1 AS result
[2022-04-25T16:31:46.732] [INFO] db - Executing (default): Select * from User
[2022-04-25T16:31:49.517] [INFO] db - Executing (default): Select * from User
[2022-04-25T16:33:00.062] [INFO] db - Executing (default): SELECT 1+1 AS result
[2022-04-25T16:33:00.283] [INFO] db - Executing (default): Select * from User
[2022-04-25T16:45:30.693] [INFO] db - Executing (default): SELECT 1+1 AS result
[2022-04-25T16:45:48.299] [INFO] db - Executing (default): SELECT 1+1 AS result
[2022-04-25T16:45:51.060] [INFO] db - Executing (default): SELECT `id`, `uuid`, `user_name`, `password`, `email`, `sex`, `city`, `introduction`, `head_img`, `createdAt`, `updatedAt` FROM `User` AS `User`;
[2022-04-25T16:45:51.843] [INFO] db - Executing (default): SELECT `id`, `uuid`, `user_name`, `password`, `email`, `sex`, `city`, `introduction`, `head_img`, `createdAt`, `updatedAt` FROM `User` AS `User`;
[2022-04-25T16:45:52.023] [INFO] db - Executing (default): SELECT `id`, `uuid`, `user_name`, `password`, `email`, `sex`, `city`, `introduction`, `head_img`, `createdAt`, `updatedAt` FROM `User` AS `User`;
[2022-04-25T16:45:52.208] [INFO] db - Executing (default): SELECT `id`, `uuid`, `user_name`, `password`, `email`, `sex`, `city`, `introduction`, `head_img`, `createdAt`, `updatedAt` FROM `User` AS `User`;
[2022-04-25T16:46:17.096] [INFO] db - Executing (default): SELECT 1+1 AS result
[2022-04-25T16:46:34.139] [INFO] db - Executing (default): SELECT `id`, `uuid`, `user_name`, `password`, `email`, `sex`, `city`, `introduction`, `head_img` FROM `User` AS `User`;
[2022-04-25T16:52:19.051] [INFO] db - Executing (default): SELECT 1+1 AS result
[2022-04-25T17:07:11.708] [INFO] db - Executing (default): SELECT 1+1 AS result
[2022-04-25T17:07:15.661] [INFO] db - Executing (default): SELECT `uuid`, `user_name`, `password`, `email`, `sex`, `city`, `introduction`, `head_img` FROM `User` AS `User`;
[2022-04-25T17:10:57.272] [INFO] db - Executing (default): SELECT 1+1 AS result
[2022-04-26T20:36:38.765] [INFO] db - Executing (default): SELECT 1+1 AS result
[2022-04-26T20:36:42.480] [INFO] db - Executing (default): SELECT 1+1 AS result
[2022-04-26T20:36:51.412] [INFO] db - Executing (default): SELECT 1+1 AS result
[2022-04-26T20:39:49.510] [INFO] db - Executing (default): SELECT 1+1 AS result
[2022-04-26T20:41:00.295] [INFO] db - Executing (default): SELECT 1+1 AS result
[2022-04-26T20:41:18.190] [INFO] db - Executing (default): SELECT 1+1 AS result
[2022-04-26T20:42:36.216] [INFO] db - Executing (default): SELECT 1+1 AS result
[2022-04-26T20:44:16.619] [INFO] db - Executing (default): SELECT 1+1 AS result
[2022-04-26T20:44:26.692] [INFO] db - Executing (default): SELECT 1+1 AS result
[2022-04-26T20:50:41.752] [INFO] db - Executing (default): SELECT 1+1 AS result
[2022-04-26T20:50:54.644] [INFO] db - Executing (default): SELECT 1+1 AS result
[2022-04-26T20:51:24.948] [INFO] db - Executing (default): SELECT 1+1 AS result
[2022-04-26T20:51:37.793] [INFO] db - Executing (default): SELECT 1+1 AS result
[2022-04-26T20:51:44.381] [INFO] db - Executing (default): SELECT 1+1 AS result
[2022-04-26T20:51:48.704] [INFO] db - Executing (default): SELECT 1+1 AS result
[2022-04-26T20:51:52.554] [INFO] db - Executing (default): SELECT 1+1 AS result
[2022-04-26T20:53:21.955] [INFO] db - Executing (default): SELECT 1+1 AS result
[2022-04-26T20:53:33.173] [INFO] db - Executing (default): SELECT 1+1 AS result
[2022-04-26T21:16:01.101] [INFO] db - Executing (default): SELECT 1+1 AS result
[2022-04-26T21:16:39.235] [INFO] db - Executing (default): SELECT 1+1 AS result
[2022-04-26T21:17:06.374] [INFO] db - Executing (default): SELECT 1+1 AS result
[2022-04-26T21:26:25.859] [INFO] db - Executing (default): SELECT 1+1 AS result
[2022-04-26T21:29:41.814] [INFO] db - Executing (default): SELECT 1+1 AS result
[2022-04-26T21:33:44.947] [INFO] db - Executing (default): SELECT 1+1 AS result
[2022-04-26T21:34:27.835] [INFO] db - Executing (default): SELECT 1+1 AS result
[2022-04-26T21:36:59.726] [INFO] db - Executing (default): SELECT 1+1 AS result
[2022-04-26T21:37:02.228] [INFO] db - Executing (default): SELECT 1+1 AS result
[2022-04-26T21:37:06.382] [INFO] db - Executing (default): SELECT 1+1 AS result
[2022-04-26T21:37:35.621] [INFO] db - Executing (default): SELECT 1+1 AS result
[2022-04-26T21:37:39.566] [INFO] db - Executing (default): SELECT 1+1 AS result
[2022-04-26T21:37:48.678] [INFO] db - Executing (default): SELECT 1+1 AS result
[2022-04-26T21:38:52.120] [INFO] db - Executing (default): SELECT 1+1 AS result
[2022-04-26T21:39:05.794] [INFO] db - Executing (default): SELECT 1+1 AS result
[2022-04-26T21:39:31.144] [INFO] db - Executing (default): SELECT 1+1 AS result
[2022-04-26T21:40:56.908] [INFO] db - Executing (default): SELECT 1+1 AS result
[2022-04-26T21:42:08.145] [INFO] db - Executing (default): SELECT 1+1 AS result
[2022-04-26T21:42:51.441] [INFO] db - Executing (default): SELECT 1+1 AS result
[2022-04-26T21:42:59.904] [INFO] db - Executing (default): SELECT 1+1 AS result
[2022-04-26T21:43:15.152] [INFO] db - Executing (default): SELECT 1+1 AS result
[2022-04-26T21:43:20.961] [INFO] db - Executing (default): SELECT 1+1 AS result
[2022-04-26T21:43:22.935] [INFO] db - Executing (default): SELECT 1+1 AS result
[2022-04-26T21:44:16.286] [INFO] db - Executing (default): SELECT 1+1 AS result
[2022-04-26T21:44:29.875] [INFO] db - Executing (default): SELECT 1+1 AS result
[2022-04-26T21:44:36.453] [INFO] db - Executing (default): SELECT 1+1 AS result
[2022-04-26T21:45:06.956] [INFO] db - Executing (default): SELECT 1+1 AS result
[2022-04-26T21:45:58.173] [INFO] db - Executing (default): SELECT 1+1 AS result
[2022-04-26T21:47:50.651] [INFO] db - Executing (default): SELECT 1+1 AS result
[2022-04-26T21:48:02.904] [INFO] db - Executing (default): SELECT 1+1 AS result
[2022-04-26T21:48:17.761] [INFO] db - Executing (default): SELECT 1+1 AS result
[2022-04-26T21:48:36.526] [INFO] db - Executing (default): SELECT 1+1 AS result
[2022-04-26T21:49:43.086] [INFO] db - Executing (default): SELECT `uuid`, `user_name`, `password`, `email`, `sex`, `city`, `introduction`, `head_img` FROM `User` AS `User`;
[2022-04-26T21:55:56.211] [INFO] db - Executing (default): SELECT 1+1 AS result
[2022-04-26T21:55:57.934] [INFO] db - Executing (default): SELECT `uuid`, `user_name`, `password`, `email`, `sex`, `city`, `introduction`, `head_img` FROM `User` AS `User`;
[2022-04-26T22:05:54.852] [INFO] db - Executing (default): SELECT 1+1 AS result
[2022-04-26T22:06:58.275] [INFO] db - Executing (default): SELECT 1+1 AS result
[2022-04-26T22:07:17.086] [INFO] db - Executing (default): SELECT 1+1 AS result
[2022-04-26T22:07:19.589] [INFO] db - Executing (default): SELECT 1+1 AS result
[2022-04-26T22:07:37.033] [INFO] db - Executing (default): SELECT 1+1 AS result
[2022-04-26T22:09:42.060] [INFO] db - Executing (default): SELECT 1+1 AS result
[2022-04-26T22:09:46.070] [INFO] db - Executing (default): SELECT `uuid`, `user_name`, `password`, `email`, `sex`, `city`, `introduction`, `head_img` FROM `User` AS `User` WHERE `User`.`uuid` = '1';
[2022-04-26T22:10:19.610] [INFO] db - Executing (default): SELECT 1+1 AS result
[2022-04-26T22:11:27.906] [INFO] db - Executing (default): SELECT 1+1 AS result
[2022-04-26T22:11:37.140] [INFO] db - Executing (default): SELECT `uuid`, `user_name`, `password`, `email`, `sex`, `city`, `introduction`, `head_img` FROM `User` AS `User` WHERE `User`.`uuid` = '1';
[2022-04-26T22:12:39.851] [INFO] db - Executing (default): SELECT 1+1 AS result
[2022-04-26T22:12:41.905] [INFO] db - Executing (default): SELECT `uuid`, `user_name`, `password`, `email`, `sex`, `city`, `introduction`, `head_img` FROM `User` AS `User` WHERE `User`.`uuid` = '2';
[2022-04-26T22:12:44.611] [INFO] db - Executing (default): SELECT `uuid`, `user_name`, `password`, `email`, `sex`, `city`, `introduction`, `head_img` FROM `User` AS `User` WHERE `User`.`uuid` = '2';
[2022-04-26T22:12:49.722] [INFO] db - Executing (default): SELECT 1+1 AS result
[2022-04-26T22:13:01.263] [INFO] db - Executing (default): SELECT `uuid`, `user_name`, `password`, `email`, `sex`, `city`, `introduction`, `head_img` FROM `User` AS `User` WHERE `User`.`uuid` = '2';
[2022-04-26T22:13:09.210] [INFO] db - Executing (default): SELECT 1+1 AS result
[2022-04-26T22:13:10.805] [INFO] db - Executing (default): SELECT `uuid`, `user_name`, `password`, `email`, `sex`, `city`, `introduction`, `head_img` FROM `User` AS `User` WHERE `User`.`uuid` = '2';
[2022-04-26T22:13:11.342] [INFO] db - Executing (default): SELECT `uuid`, `user_name`, `password`, `email`, `sex`, `city`, `introduction`, `head_img` FROM `User` AS `User` WHERE `User`.`uuid` = '2';
[2022-04-26T22:13:11.671] [INFO] db - Executing (default): SELECT `uuid`, `user_name`, `password`, `email`, `sex`, `city`, `introduction`, `head_img` FROM `User` AS `User` WHERE `User`.`uuid` = '2';
[2022-04-26T22:14:01.033] [INFO] db - Executing (default): SELECT 1+1 AS result
[2022-04-26T22:14:16.069] [INFO] db - Executing (default): SELECT 1+1 AS result
[2022-04-26T22:14:26.169] [INFO] db - Executing (default): SELECT 1+1 AS result
[2022-04-26T22:14:26.837] [INFO] db - Executing (default): SELECT `uuid`, `user_name`, `password`, `email`, `sex`, `city`, `introduction`, `head_img` FROM `User` AS `User` WHERE `User`.`uuid` = '2';
[2022-04-26T22:14:27.847] [INFO] db - Executing (default): SELECT `uuid`, `user_name`, `password`, `email`, `sex`, `city`, `introduction`, `head_img` FROM `User` AS `User` WHERE `User`.`uuid` = '2';
[2022-04-26T22:14:38.530] [INFO] db - Executing (default): SELECT 1+1 AS result
[2022-04-26T22:14:51.501] [INFO] db - Executing (default): SELECT 1+1 AS result
[2022-04-26T22:14:54.484] [INFO] db - Executing (default): SELECT 1+1 AS result
[2022-04-26T22:45:25.937] [INFO] db - Executing (default): SELECT 1+1 AS result
[2022-04-26T22:55:54.443] [INFO] db - Executing (default): SELECT 1+1 AS result
[2022-04-26T22:55:57.361] [INFO] db - Executing (default): SELECT 1+1 AS result
[2022-04-26T22:57:00.007] [INFO] db - Executing (default): SELECT 1+1 AS result
[2022-04-26T22:57:26.651] [INFO] db - Executing (default): SELECT 1+1 AS result
[2022-04-26T22:58:35.993] [INFO] db - Executing (default): SELECT 1+1 AS result
[2022-04-26T23:00:10.210] [INFO] db - Executing (default): SELECT 1+1 AS result
[2022-04-26T23:12:52.324] [INFO] db - Executing (default): SELECT 1+1 AS result
[2022-04-26T23:13:36.937] [INFO] db - Executing (default): SELECT 1+1 AS result
[2022-04-26T23:15:20.546] [INFO] db - Executing (default): SELECT `uuid`, `user_name`, `password`, `email`, `sex`, `city`, `introduction`, `head_img` FROM `User` AS `User` WHERE `User`.`uuid` = '1';
[2022-04-26T23:15:43.675] [INFO] db - Executing (default): SELECT `uuid`, `user_name`, `password`, `email`, `sex`, `city`, `introduction`, `head_img` FROM `User` AS `User` WHERE `User`.`uuid` = '1';
[2022-04-26T23:16:28.138] [INFO] db - Executing (default): SELECT `uuid`, `user_name`, `password`, `email`, `sex`, `city`, `introduction`, `head_img` FROM `User` AS `User` WHERE `User`.`uuid` = '1';
[2022-04-26T23:17:53.838] [INFO] db - Executing (default): SELECT `uuid`, `user_name`, `password`, `email`, `sex`, `city`, `introduction`, `head_img` FROM `User` AS `User` WHERE `User`.`uuid` = '1';
[2022-04-26T23:18:15.611] [INFO] db - Executing (default): SELECT 1+1 AS result
[2022-04-26T23:20:43.300] [INFO] db - Executing (default): SELECT 1+1 AS result
[2022-04-26T23:20:44.828] [INFO] db - Executing (default): SELECT `uuid`, `user_name`, `password`, `email`, `sex`, `city`, `introduction`, `head_img` FROM `User` AS `User` WHERE `User`.`uuid` = '1';
[2022-04-26T23:21:37.275] [INFO] db - Executing (default): SELECT 1+1 AS result
[2022-04-26T23:21:42.407] [INFO] db - Executing (default): SELECT 1+1 AS result
[2022-04-26T23:24:27.067] [INFO] db - Executing (default): SELECT 1+1 AS result
[2022-04-27T00:06:28.957] [INFO] db - Executing (default): SELECT 1+1 AS result
[2022-04-27T00:09:54.397] [INFO] db - Executing (default): SELECT 1+1 AS result
[2022-04-27T00:09:59.542] [INFO] db - Executing (default): SELECT 1+1 AS result
[2022-04-27T00:15:15.384] [INFO] db - Executing (default): SELECT 1+1 AS result
[2022-04-27T00:18:24.333] [INFO] db - Executing (default): SELECT 1+1 AS result
[2022-04-27T00:18:48.323] [INFO] db - Executing (default): SELECT 1+1 AS result
[2022-04-27T00:18:54.685] [INFO] db - Executing (default): SELECT 1+1 AS result
[2022-04-27T00:21:29.837] [INFO] db - Executing (default): SELECT 1+1 AS result
[2022-04-27T00:21:55.752] [INFO] db - Executing (default): SELECT 1+1 AS result
[2022-04-27T00:22:25.131] [INFO] db - Executing (default): SELECT 1+1 AS result
[2022-04-27T00:22:41.672] [INFO] db - Executing (default): SELECT 1+1 AS result
[2022-04-27T00:25:15.315] [INFO] db - Executing (default): SELECT 1+1 AS result
[2022-04-27T00:25:44.899] [INFO] db - Executing (default): SELECT 1+1 AS result
[2022-04-27T00:26:21.491] [INFO] db - Executing (default): SELECT 1+1 AS result
[2022-04-27T00:26:39.923] [INFO] db - Executing (default): SELECT 1+1 AS result
[2022-04-27T00:26:42.699] [INFO] db - Executing (default): SELECT 1+1 AS result
[2022-04-27T00:28:10.825] [INFO] db - Executing (default): SELECT 1+1 AS result
[2022-04-27T00:28:12.996] [INFO] db - Executing (default): SELECT 1+1 AS result
[2022-04-27T00:29:20.182] [INFO] db - Executing (default): SELECT 1+1 AS result
[2022-04-27T00:29:40.789] [INFO] db - Executing (default): SELECT 1+1 AS result
[2022-04-27T00:30:58.577] [INFO] db - Executing (default): SELECT 1+1 AS result
[2022-04-27T00:32:40.916] [INFO] db - Executing (default): SELECT 1+1 AS result
[2022-04-27T00:33:58.875] [INFO] db - Executing (default): SELECT 1+1 AS result
[2022-04-27T00:34:30.998] [INFO] db - Executing (default): SELECT 1+1 AS result
[2022-04-27T00:36:51.904] [INFO] db - Executing (default): SELECT 1+1 AS result
[2022-04-27T00:36:54.256] [INFO] db - Executing (default): SELECT 1+1 AS result
[2022-04-27T00:37:24.311] [INFO] db - Executing (default): SELECT 1+1 AS result
[2022-04-27T00:37:34.584] [INFO] db - Executing (default): SELECT 1+1 AS result
[2022-04-27T00:38:30.539] [INFO] db - Executing (default): SELECT 1+1 AS result
[2022-04-27T00:39:55.072] [INFO] db - Executing (default): SELECT 1+1 AS result
[2022-04-27T00:40:29.643] [INFO] db - Executing (default): SELECT 1+1 AS result
[2022-04-27T00:41:29.813] [INFO] db - Executing (default): SELECT 1+1 AS result
[2022-04-27T00:41:51.947] [INFO] db - Executing (default): SELECT 1+1 AS result
[2022-04-27T00:42:14.836] [INFO] db - Executing (default): SELECT 1+1 AS result
[2022-04-27T00:45:38.517] [INFO] db - Executing (default): SELECT 1+1 AS result
[2022-04-27T00:59:34.746] [INFO] db - Executing (default): SELECT 1+1 AS result
[2022-04-27T00:59:54.432] [INFO] db - Executing (default): SELECT 1+1 AS result
[2022-04-27T01:00:14.159] [INFO] db - Executing (default): SELECT 1+1 AS result
